
=== run at Sat Oct  4 03:24:07 2025
argv: [0]=C:\PRJ\VAM\desktop-live-whisper-multiplatform\build\tests-only-debug\app_transcribe_file.exe [1]=-v [2]=C:\PRJ\VAM\desktop-live-whisper-multiplatform\third_party\whisper.cpp\samples\jfk.wav

=== run at Sat Oct  4 03:26:49 2025
argv: [0]=C:\PRJ\VAM\desktop-live-whisper-multiplatform\build\tests-only-debug\app_transcribe_file.exe [1]=-v [2]=--model [3]=C:\PRJ\VAM\desktop-live-whisper-multiplatform\third_party\whisper.cpp\models\ggml-small.en.bin [4]=C:\PRJ\VAM\desktop-live-whisper-multiplatform\third_party\whisper.cpp\samples\jfk.wav

=== run at Sat Oct  4 03:29:57 2025
argv: [0]=C:\PRJ\VAM\desktop-live-whisper-multiplatform\build\tests-only-debug\app_transcribe_file.exe [1]=-v [2]=--limit-seconds [3]=30 [4]=--model [5]=C:\PRJ\VAM\desktop-live-whisper-multiplatform\third_party\whisper.cpp\models\ggml-small.en.bin [6]=C:\PRJ\VAM\desktop-live-whisper-multiplatform\test_data\Sean_Carroll_podcast.wav

=== run at Sat Oct  4 03:45:40 2025
argv: [0]=C:\PRJ\VAM\desktop-live-whisper-multiplatform\build\tests-only-debug\app_transcribe_file.exe [1]=--limit-seconds [2]=30 [3]=--model [4]=C:\PRJ\VAM\desktop-live-whisper-multiplatform\third_party\whisper.cpp\models\ggml-small.en.bin [5]=C:\PRJ\VAM\desktop-live-whisper-multiplatform\test_data\Sean_Carroll_podcast.wav

=== run at Sat Oct  4 10:17:45 2025
argv: [0]=C:\PRJ\VAM\desktop-live-whisper-multiplatform\build\tests-only-debug\app_transcribe_file.exe [1]=--limit-seconds [2]=30 [3]=--model [4]=C:\PRJ\VAM\desktop-live-whisper-multiplatform\third_party\whisper.cpp\models\ggml-small.en.bin [5]=C:\PRJ\VAM\desktop-live-whisper-multiplatform\test_data\Sean_Carroll_podcast.wav

=== run at Sat Oct  4 10:18:59 2025
argv: [0]=C:\PRJ\VAM\desktop-live-whisper-multiplatform\build\tests-only-debug\app_transcribe_file.exe [1]=--limit-seconds [2]=30 [3]=--model [4]=C:\PRJ\VAM\desktop-live-whisper-multiplatform\third_party\whisper.cpp\models\ggml-small.en.bin [5]=C:\PRJ\VAM\desktop-live-whisper-multiplatform\test_data\Sean_Carroll_podcast.wav

=== run at Sat Oct  4 11:00:15 2025
argv: [0]=C:\PRJ\VAM\desktop-live-whisper-multiplatform\build\tests-only-debug\app_transcribe_file.exe [1]=--limit-seconds [2]=10 [3]=--model [4]=C:\PRJ\VAM\desktop-live-whisper-multiplatform\third_party\whisper.cpp\models\ggml-small.en.bin

=== run at Sat Oct  4 11:03:00 2025
argv: [0]=C:\PRJ\VAM\desktop-live-whisper-multiplatform\build\tests-only-debug\app_transcribe_file.exe [1]=--limit-seconds [2]=10 [3]=--model [4]=C:\PRJ\VAM\desktop-live-whisper-multiplatform\third_party\whisper.cpp\models\ggml-small.en.bin [5]=--device [6]={0.0.1.00000000}.{8d279ef3-e64f-477d-9aab-c253a44360ea}

=== run at Sat Oct  4 11:05:01 2025
argv: [0]=C:\PRJ\VAM\desktop-live-whisper-multiplatform\build\tests-only-debug\app_transcribe_file.exe [1]=--device [2]={0.0.1.00000000}.{8d279ef3-e64f-477d-9aab-c253a44360ea} [3]=--model [4]=C:\PRJ\VAM\desktop-live-whisper-multiplatform\third_party\whisper.cpp\models\ggml-small.en.bin

=== run at Sat Oct  4 11:32:49 2025
argv: [0]=C:\PRJ\VAM\desktop-live-whisper-multiplatform\build\tests-only-debug\app_transcribe_file.exe [1]=-v [2]=--limit-seconds [3]=15 [4]=test_data\Tom_Hanks_podcast.wav

=== run at Sat Oct  4 11:33:24 2025
argv: [0]=C:\PRJ\VAM\desktop-live-whisper-multiplatform\build\tests-only-debug\app_transcribe_file.exe [1]=-v [2]=--limit-seconds [3]=15 [4]=test_data\Tom_Hanks_podcast.wav

=== run at Sat Oct  4 11:43:56 2025
argv: [0]=C:\PRJ\VAM\desktop-live-whisper-multiplatform\build\tests-only-debug\app_transcribe_file.exe [1]=--device [2]={0.0.1.00000000}.{8d279ef3-e64f-477d-9aab-c253a44360ea} [3]=--limit-seconds [4]=10 [5]=--print-levels [6]=--save-mic-wav [7]=output\test_mic.wav [8]=--model [9]=third_party\whisper.cpp\models\ggml-small.en.bin

=== run at Sat Oct  4 11:44:32 2025
argv: [0]=C:\PRJ\VAM\desktop-live-whisper-multiplatform\build\tests-only-debug\app_transcribe_file.exe [1]=--limit-seconds [2]=10 [3]=--print-levels [4]=--save-mic-wav [5]=output\test_mic.wav [6]=--model [7]=third_party\whisper.cpp\models\ggml-small.en.bin

=== run at Sat Oct  4 11:46:27 2025
argv: [0]=C:\PRJ\VAM\desktop-live-whisper-multiplatform\build\tests-only-debug\app_transcribe_file.exe [1]=-v [2]=--limit-seconds [3]=10 [4]=--print-levels [5]=--save-mic-wav [6]=output\test_mic.wav [7]=--model [8]=third_party\whisper.cpp\models\ggml-small.en.bin

=== run at Sat Oct  4 11:46:41 2025
argv: [0]=C:\PRJ\VAM\desktop-live-whisper-multiplatform\build\tests-only-debug\app_transcribe_file.exe [1]=--limit-seconds [2]=10 [3]=--print-levels [4]=--save-mic-wav [5]=output\test_mic.wav [6]=--model [7]=third_party\whisper.cpp\models\ggml-small.en.bin

=== run at Sat Oct  4 11:47:05 2025
argv: [0]=C:\PRJ\VAM\desktop-live-whisper-multiplatform\build\tests-only-debug\app_transcribe_file.exe [1]=--limit-seconds [2]=10 [3]=--print-levels [4]=--save-mic-wav [5]=output\test_mic.wav [6]=--model [7]=third_party\whisper.cpp\models\ggml-small.en.bin

=== run at Sat Oct  4 12:50:33 2025
argv: [0]=C:\PRJ\VAM\desktop-live-whisper-multiplatform\build\tests-only-debug\app_transcribe_file.exe [1]=--limit-seconds [2]=10 [3]=--print-levels [4]=--save-mic-wav [5]=output\test_mic.wav [6]=--model [7]=third_party\whisper.cpp\models\ggml-small.en.bin

=== run at Sat Oct  4 12:57:40 2025
argv: [0]=C:\PRJ\VAM\desktop-live-whisper-multiplatform\build\tests-only-debug\app_transcribe_file.exe [1]=--limit-seconds [2]=12 [3]=--save-mic-wav [4]=output\test_mic.wav [5]=--model [6]=third_party\whisper.cpp\models\ggml-small.en.bin

=== run at Sat Oct  4 12:59:40 2025
argv: [0]=C:\PRJ\VAM\desktop-live-whisper-multiplatform\build\tests-only-debug\app_transcribe_file.exe [1]=--limit-seconds [2]=12 [3]=--save-mic-wav [4]=output\test_mic.wav [5]=--model [6]=third_party\whisper.cpp\models\ggml-small.en.bin

=== run at Sat Oct  4 13:02:08 2025
argv: [0]=C:\PRJ\VAM\desktop-live-whisper-multiplatform\build\tests-only-debug\app_transcribe_file.exe [1]=--limit-seconds [2]=12 [3]=--save-mic-wav [4]=output\test_mic.wav [5]=--model [6]=third_party\whisper.cpp\models\ggml-small.en.bin

=== run at Sat Oct  4 13:04:21 2025
argv: [0]=C:\PRJ\VAM\desktop-live-whisper-multiplatform\build\tests-only-debug\app_transcribe_file.exe [1]=--limit-seconds [2]=12 [3]=--save-mic-wav [4]=output\test_mic.wav [5]=--model [6]=third_party\whisper.cpp\models\ggml-small.en.bin

=== run at Sat Oct  4 13:05:59 2025
argv: [0]=C:\PRJ\VAM\desktop-live-whisper-multiplatform\build\tests-only-debug\app_transcribe_file.exe [1]=--limit-seconds [2]=12 [3]=--save-mic-wav [4]=output\test_mic.wav [5]=--model [6]=third_party\whisper.cpp\models\ggml-small.en.bin

=== run at Sat Oct  4 13:13:12 2025
argv: [0]=C:\PRJ\VAM\desktop-live-whisper-multiplatform\build\tests-only-debug\app_transcribe_file.exe [1]=--limit-seconds [2]=12 [3]=test_data\Sean_Carroll_podcast.wav [4]=--model [5]=third_party\whisper.cpp\models\ggml-small.en.bin

=== run at Sat Oct  4 16:49:57 2025
argv: [0]=C:\PRJ\VAM\desktop-live-whisper-multiplatform\build\tests-only-debug\app_transcribe_file.exe [1]=--limit-seconds [2]=12 [3]=test_data\Sean_Carroll_podcast.wav [4]=--model [5]=third_party\whisper.cpp\models\ggml-small.en.bin

=== run at Sat Oct  4 16:50:38 2025
argv: [0]=C:\PRJ\VAM\desktop-live-whisper-multiplatform\build\tests-only-debug\app_transcribe_file.exe [1]=--limit-seconds [2]=30 [3]=test_data\Sean_Carroll_podcast.wav [4]=--model [5]=third_party\whisper.cpp\models\ggml-small.en.bin

=== run at Sat Oct  4 16:58:05 2025
argv: [0]=C:\PRJ\VAM\desktop-live-whisper-multiplatform\build\tests-only-debug\app_transcribe_file.exe [1]=--limit-seconds [2]=10 [3]=test_data\Sean_Carroll_podcast.wav [4]=--model [5]=third_party\whisper.cpp\models\ggml-small.en.bin

=== run at Sat Oct  4 17:00:04 2025
argv: [0]=C:\PRJ\VAM\desktop-live-whisper-multiplatform\build\tests-only-debug\app_transcribe_file.exe [1]=--limit-seconds [2]=10 [3]=test_data\Sean_Carroll_podcast.wav [4]=--model [5]=third_party\whisper.cpp\models\ggml-small.en.bin

=== run at Sat Oct  4 17:01:27 2025
argv: [0]=C:\PRJ\VAM\desktop-live-whisper-multiplatform\build\tests-only-debug\app_transcribe_file.exe [1]=--limit-seconds [2]=10 [3]=test_data\Sean_Carroll_podcast.wav [4]=--model [5]=third_party\whisper.cpp\models\ggml-small.en.bin

=== run at Sat Oct  4 17:06:35 2025
argv: [0]=C:\PRJ\VAM\desktop-live-whisper-multiplatform\build\tests-only-debug\app_transcribe_file.exe [1]=--limit-seconds [2]=10 [3]=test_data\Sean_Carroll_podcast.wav [4]=--model [5]=third_party\whisper.cpp\models\ggml-small.en.bin

=== run at Sat Oct  4 17:09:52 2025
argv: [0]=C:\PRJ\VAM\desktop-live-whisper-multiplatform\build\tests-only-debug\app_transcribe_file.exe [1]=--limit-seconds [2]=10 [3]=test_data\Sean_Carroll_podcast.wav [4]=--model [5]=third_party\whisper.cpp\models\ggml-small.en.bin [6]=--play-file

=== run at Sat Oct  4 17:25:56 2025
argv: [0]=C:\PRJ\VAM\desktop-live-whisper-multiplatform\build\tests-only-debug\app_transcribe_file.exe [1]=--limit-seconds [2]=10 [3]=test_data\Sean_Carroll_podcast.wav [4]=--model [5]=third_party\whisper.cpp\models\ggml-small.en.bin [6]=--play-file

=== run at Sat Oct  4 17:37:51 2025
argv: [0]=C:\PRJ\VAM\desktop-live-whisper-multiplatform\build\tests-only-debug\app_transcribe_file.exe [1]=--limit-seconds [2]=10 [3]=test_data\Sean_Carroll_podcast.wav [4]=--model [5]=third_party\whisper.cpp\models\ggml-small.en.bin [6]=--play-file

=== run at Sat Oct  4 17:47:46 2025
argv: [0]=C:\PRJ\VAM\desktop-live-whisper-multiplatform\build\tests-only-debug\app_transcribe_file.exe [1]=--limit-seconds [2]=10 [3]=test_data\Sean_Carroll_podcast.wav [4]=--model [5]=third_party\whisper.cpp\models\ggml-small.en.bin [6]=--play-file [7]=--no-diar

=== run at Sat Oct  4 17:51:22 2025
argv: [0]=C:\PRJ\VAM\desktop-live-whisper-multiplatform\build\tests-only-debug\app_transcribe_file.exe [1]=--limit-seconds [2]=10 [3]=test_data\Sean_Carroll_podcast.wav [4]=--no-asr [5]=--play-file

=== run at Sat Oct  4 17:54:49 2025
argv: [0]=C:\PRJ\VAM\desktop-live-whisper-multiplatform\build\tests-only-release\app_transcribe_file.exe [1]=--limit-seconds [2]=10 [3]=test_data\Sean_Carroll_podcast.wav [4]=--model [5]=third_party\whisper.cpp\models\ggml-small.en.bin [6]=--play-file [7]=--no-diar

=== run at Sat Oct  4 17:58:44 2025
argv: [0]=C:\PRJ\VAM\desktop-live-whisper-multiplatform\build\tests-only-release\app_transcribe_file.exe [1]=--limit-seconds [2]=10 [3]=test_data\Sean_Carroll_podcast.wav [4]=--model [5]=third_party\whisper.cpp\models\ggml-small.en.bin [6]=--play-file [7]=--no-diar [8]=--threads [9]=8

=== run at Sat Oct  4 18:17:50 2025
argv: [0]=C:\PRJ\VAM\desktop-live-whisper-multiplatform\build\tests-only-release\app_transcribe_file.exe [1]=--limit-seconds [2]=10 [3]=test_data\Sean_Carroll_podcast.wav [4]=--model [5]=small.en [6]=--threads [7]=0

=== run at Sat Oct  4 18:18:32 2025
argv: [0]=C:\PRJ\VAM\desktop-live-whisper-multiplatform\build\tests-only-release\app_transcribe_file.exe [1]=--limit-seconds [2]=10 [3]=test_data\Sean_Carroll_podcast.wav [4]=--model [5]=small.en [6]=--threads [7]=4

=== run at Sat Oct  4 18:19:19 2025
argv: [0]=C:\PRJ\VAM\desktop-live-whisper-multiplatform\build\tests-only-release\app_transcribe_file.exe [1]=--limit-seconds [2]=10 [3]=test_data\Sean_Carroll_podcast.wav [4]=--model [5]=small.en [6]=--threads [7]=8

=== run at Sat Oct  4 18:23:00 2025
argv: [0]=C:\PRJ\VAM\desktop-live-whisper-multiplatform\build\tests-only-release\app_transcribe_file.exe [1]=--limit-seconds [2]=10 [3]=test_data\Sean_Carroll_podcast.wav [4]=--model [5]=base.en [6]=--threads [7]=0

=== run at Sat Oct  4 18:23:14 2025
argv: [0]=C:\PRJ\VAM\desktop-live-whisper-multiplatform\build\tests-only-release\app_transcribe_file.exe [1]=--limit-seconds [2]=10 [3]=test_data\Sean_Carroll_podcast.wav [4]=--model [5]=tiny.en [6]=--threads [7]=0

=== run at Sat Oct  4 18:27:55 2025
argv: [0]=C:\PRJ\VAM\desktop-live-whisper-multiplatform\build\tests-only-release\app_transcribe_file.exe [1]=--limit-seconds [2]=20 [3]=test_data\Sean_Carroll_podcast.wav [4]=--model [5]=base.en [6]=--play-file

=== run at Sat Oct  4 18:28:48 2025
argv: [0]=C:\PRJ\VAM\desktop-live-whisper-multiplatform\build\tests-only-release\app_transcribe_file.exe [1]=--limit-seconds [2]=20 [3]=test_data\Sean_Carroll_podcast.wav [4]=--model [5]=base.en [6]=--play-file

=== run at Sat Oct  4 18:31:37 2025
argv: [0]=C:\PRJ\VAM\desktop-live-whisper-multiplatform\build\tests-only-release\app_transcribe_file.exe [1]=--limit-seconds [2]=20 [3]=test_data\Sean_Carroll_podcast.wav [4]=--model [5]=tiny.en [6]=--play-file

=== run at Sat Oct  4 18:32:09 2025
argv: [0]=C:\PRJ\VAM\desktop-live-whisper-multiplatform\build\tests-only-release\app_transcribe_file.exe [1]=test_data\Sean_Carroll_podcast.wav [2]=--model [3]=tiny.en [4]=--play-file [5]=--limit-seconds [6]=20

=== run at Sat Oct  4 18:33:16 2025
argv: [0]=C:\PRJ\VAM\desktop-live-whisper-multiplatform\build\tests-only-release\app_transcribe_file.exe [1]=test_data\Sean_Carroll_podcast.wav [2]=--model [3]=tiny.en [4]=--play-file [5]=--limit-seconds [6]=20

=== run at Sat Oct  4 18:37:46 2025
argv: [0]=C:\PRJ\VAM\desktop-live-whisper-multiplatform\build\tests-only-release\app_transcribe_file.exe [1]=test_data\Sean_Carroll_podcast.wav [2]=--model [3]=base.en [4]=--play-file [5]=--limit-seconds [6]=20

=== run at Sat Oct  4 18:38:32 2025
argv: [0]=C:\PRJ\VAM\desktop-live-whisper-multiplatform\build\tests-only-release\app_transcribe_file.exe [1]=test_data\Sean_Carroll_podcast.wav [2]=--model [3]=base.en [4]=--play-file [5]=--limit-seconds [6]=20

=== run at Sat Oct  4 18:39:01 2025
argv: [0]=C:\PRJ\VAM\desktop-live-whisper-multiplatform\build\tests-only-release\app_transcribe_file.exe [1]=test_data\Sean_Carroll_podcast.wav [2]=--model [3]=tiny.en [4]=--play-file [5]=--limit-seconds [6]=20

=== run at Sat Oct  4 22:35:35 2025
argv: [0]=C:\PRJ\VAM\desktop-live-whisper-multiplatform\build\tests-only-release\app_transcribe_file.exe [1]=test_data\Sean_Carroll_podcast.wav [2]=--model [3]=base.en [4]=--play-file [5]=--limit-seconds [6]=20

=== run at Sat Oct  4 22:38:09 2025
argv: [0]=C:\PRJ\VAM\desktop-live-whisper-multiplatform\build\tests-only-release\app_transcribe_file.exe [1]=test_data\Sean_Carroll_podcast.wav [2]=--model [3]=base.en [4]=--play-file [5]=--limit-seconds [6]=20

=== run at Sat Oct  4 22:38:44 2025
argv: [0]=C:\PRJ\VAM\desktop-live-whisper-multiplatform\build\tests-only-release\app_transcribe_file.exe [1]=test_data\Sean_Carroll_podcast.wav [2]=--model [3]=base.en [4]=--play-file [5]=--limit-seconds [6]=20

=== run at Sat Oct  4 22:39:15 2025
argv: [0]=C:\PRJ\VAM\desktop-live-whisper-multiplatform\build\tests-only-release\app_transcribe_file.exe [1]=test_data\Sean_Carroll_podcast.wav [2]=--model [3]=base.en [4]=--play-file [5]=--limit-seconds [6]=20

=== run at Sat Oct  4 22:39:45 2025
argv: [0]=C:\PRJ\VAM\desktop-live-whisper-multiplatform\build\tests-only-release\app_transcribe_file.exe [1]=test_data\Sean_Carroll_podcast.wav [2]=--model [3]=base.en [4]=--play-file [5]=--limit-seconds [6]=20

=== run at Sat Oct  4 22:40:37 2025
argv: [0]=C:\PRJ\VAM\desktop-live-whisper-multiplatform\build\tests-only-release\app_transcribe_file.exe [1]=test_data\Sean_Carroll_podcast.wav [2]=--model [3]=models/ggml-base.en-q5_1.bin [4]=--play-file [5]=--limit-seconds [6]=20

=== run at Sat Oct  4 22:46:00 2025
argv: [0]=C:\PRJ\VAM\desktop-live-whisper-multiplatform\build\tests-only-release\app_transcribe_file.exe [1]=test_data\Sean_Carroll_podcast.wav [2]=--model [3]=models/ggml-base.en.bin [4]=--play-file [5]=--limit-seconds [6]=20

=== run at Sat Oct  4 22:46:45 2025
argv: [0]=C:\PRJ\VAM\desktop-live-whisper-multiplatform\build\tests-only-release\app_transcribe_file.exe [1]=test_data\Sean_Carroll_podcast.wav [2]=--model [3]=models/ggml-base.en.bin [4]=--play-file [5]=--limit-seconds [6]=10

=== run at Sat Oct  4 22:47:08 2025
argv: [0]=C:\PRJ\VAM\desktop-live-whisper-multiplatform\build\tests-only-release\app_transcribe_file.exe [1]=test_data\Sean_Carroll_podcast.wav [2]=--model [3]=models/ggml-base.en.bin [4]=--play-file [5]=--limit-seconds [6]=10 [7]=--verbose

=== run at Sat Oct  4 22:50:11 2025
argv: [0]=C:\PRJ\VAM\desktop-live-whisper-multiplatform\build\tests-only-release\app_transcribe_file.exe [1]=test_data\Sean_Carroll_podcast.wav [2]=--model [3]=models/ggml-tiny.en.bin [4]=--play-file [5]=--limit-seconds [6]=10

=== run at Sat Oct  4 22:50:30 2025
argv: [0]=C:\PRJ\VAM\desktop-live-whisper-multiplatform\build\tests-only-release\app_transcribe_file.exe [1]=test_data\Sean_Carroll_podcast.wav [2]=--model [3]=models/ggml-tiny.en.bin [4]=--play-file [5]=--limit-seconds [6]=5 [7]=--verbose

=== run at Sat Oct  4 22:51:15 2025
argv: [0]=C:\PRJ\VAM\desktop-live-whisper-multiplatform\build\tests-only-release\app_transcribe_file.exe [1]=test_data\Sean_Carroll_podcast.wav [2]=--model [3]=models/ggml-tiny.en.bin [4]=--play-file [5]=--limit-seconds [6]=5 [7]=--verbose

=== run at Sat Oct  4 22:52:04 2025
argv: [0]=C:\PRJ\VAM\desktop-live-whisper-multiplatform\build\tests-only-release\app_transcribe_file.exe [1]=test_data\Sean_Carroll_podcast.wav [2]=--model [3]=models/ggml-tiny.en.bin [4]=--play-file [5]=--limit-seconds [6]=10

=== run at Sat Oct  4 22:52:46 2025
argv: [0]=C:\PRJ\VAM\desktop-live-whisper-multiplatform\build\tests-only-release\app_transcribe_file.exe [1]=test_data\Sean_Carroll_podcast.wav [2]=--model [3]=models/ggml-tiny.en.bin [4]=--play-file [5]=--limit-seconds [6]=5 [7]=--verbose

=== run at Sat Oct  4 22:53:12 2025
argv: [0]=C:\PRJ\VAM\desktop-live-whisper-multiplatform\build\tests-only-release\app_transcribe_file.exe [1]=test_data\Sean_Carroll_podcast.wav [2]=--model [3]=models/ggml-tiny.en.bin [4]=--play-file [5]=--limit-seconds [6]=10

=== run at Sat Oct  4 22:53:41 2025
argv: [0]=C:\PRJ\VAM\desktop-live-whisper-multiplatform\build\tests-only-release\app_transcribe_file.exe [1]=test_data\Sean_Carroll_podcast.wav [2]=--model [3]=models/ggml-tiny.en.bin [4]=--play-file [5]=--limit-seconds [6]=10

=== run at Sat Oct  4 22:54:27 2025
argv: [0]=C:\PRJ\VAM\desktop-live-whisper-multiplatform\build\tests-only-release\app_transcribe_file.exe [1]=test_data\Sean_Carroll_podcast.wav [2]=--model [3]=models/ggml-tiny.en.bin [4]=--play-file [5]=--limit-seconds [6]=3

=== run at Sat Oct  4 22:56:00 2025
argv: [0]=C:\PRJ\VAM\desktop-live-whisper-multiplatform\build\tests-only-release\app_transcribe_file.exe [1]=test_data\Sean_Carroll_podcast.wav [2]=--model [3]=models/ggml-tiny.en.bin [4]=--play-file [5]=--limit-seconds [6]=10

=== run at Sat Oct  4 22:56:51 2025
argv: [0]=C:\PRJ\VAM\desktop-live-whisper-multiplatform\build\tests-only-release\app_transcribe_file.exe [1]=test_data\Sean_Carroll_podcast.wav [2]=--model [3]=models/ggml-tiny.en.bin [4]=--play-file [5]=--limit-seconds [6]=10

=== run at Sat Oct  4 22:57:43 2025
argv: [0]=C:\PRJ\VAM\desktop-live-whisper-multiplatform\build\tests-only-release\app_transcribe_file.exe [1]=test_data\Sean_Carroll_podcast.wav [2]=--model [3]=models/ggml-base.en.bin [4]=--play-file [5]=--limit-seconds [6]=20

=== run at Mon Oct  6 23:21:32 2025
argv: [0]=C:\PRJ\VAM\desktop-live-whisper-multiplatform\build\tests-only-release\app_transcribe_file.exe [1]=test_data\Sean_Carroll_podcast.wav [2]=--model [3]=models/ggml-tiny.en.bin [4]=--play-file [5]=--limit-seconds [6]=10

=== run at Mon Oct  6 23:22:34 2025
argv: [0]=C:\PRJ\VAM\desktop-live-whisper-multiplatform\build\tests-only-release\app_transcribe_file.exe [1]=test_data\Sean_Carroll_podcast.wav [2]=--model [3]=models/ggml-tiny.en.bin [4]=--play-file [5]=--limit-seconds [6]=10

=== run at Mon Oct  6 23:28:51 2025
argv: [0]=C:\PRJ\VAM\desktop-live-whisper-multiplatform\build\tests-only-release\app_transcribe_file.exe [1]=test_data\Sean_Carroll_podcast.wav [2]=--model [3]=models/ggml-tiny.en.bin [4]=--play-file [5]=--limit-seconds [6]=10

=== run at Mon Oct  6 23:30:30 2025
argv: [0]=C:\PRJ\VAM\desktop-live-whisper-multiplatform\build\tests-only-release\app_transcribe_file.exe [1]=test_data\Sean_Carroll_podcast.wav [2]=--model [3]=models/ggml-tiny.en.bin [4]=--play-file [5]=--limit-seconds [6]=3

=== run at Mon Oct  6 23:30:41 2025
argv: [0]=C:\PRJ\VAM\desktop-live-whisper-multiplatform\build\tests-only-release\app_transcribe_file.exe [1]=test_data\Sean_Carroll_podcast.wav [2]=--play-file [3]=--limit-seconds [4]=3 [5]=--no-asr

=== run at Mon Oct  6 23:33:08 2025
argv: [0]=C:\PRJ\VAM\desktop-live-whisper-multiplatform\build\tests-only-release\app_transcribe_file.exe [1]=test_data\Sean_Carroll_podcast.wav [2]=--model [3]=models/ggml-base.en.bin [4]=--play-file [5]=--limit-seconds [6]=15

=== run at Mon Oct  6 23:34:17 2025
argv: [0]=C:\PRJ\VAM\desktop-live-whisper-multiplatform\build\tests-only-release\app_transcribe_file.exe [1]=test_data\Sean_Carroll_podcast.wav [2]=--model [3]=models/ggml-base.en.bin [4]=--play-file [5]=--limit-seconds [6]=20

=== run at Mon Oct  6 23:38:53 2025
argv: [0]=C:\PRJ\VAM\desktop-live-whisper-multiplatform\build\tests-only-release\app_transcribe_file.exe [1]=test_data\Sean_Carroll_podcast.wav [2]=--model [3]=models/ggml-base.en.bin [4]=--play-file [5]=--limit-seconds [6]=20

=== run at Mon Oct  6 23:39:59 2025
argv: [0]=C:\PRJ\VAM\desktop-live-whisper-multiplatform\build\tests-only-release\app_transcribe_file.exe [1]=test_data\Sean_Carroll_podcast.wav [2]=--model [3]=models/ggml-base.en.bin [4]=--play-file [5]=--limit-seconds [6]=10

=== run at Mon Oct  6 23:40:41 2025
argv: [0]=C:\PRJ\VAM\desktop-live-whisper-multiplatform\build\tests-only-release\app_transcribe_file.exe [1]=test_data\Sean_Carroll_podcast.wav [2]=--model [3]=models/ggml-base.en.bin [4]=--play-file [5]=--limit-seconds [6]=20

=== run at Mon Oct  6 23:44:28 2025
argv: [0]=C:\PRJ\VAM\desktop-live-whisper-multiplatform\build\tests-only-release\app_transcribe_file.exe [1]=test_data\Sean_Carroll_podcast.wav [2]=--model [3]=models/ggml-base.en.bin [4]=--play-file [5]=--limit-seconds [6]=30

=== run at Mon Oct  6 23:48:03 2025
argv: [0]=C:\PRJ\VAM\desktop-live-whisper-multiplatform\build\tests-only-release\app_transcribe_file.exe [1]=test_data\Sean_Carroll_podcast.wav [2]=--play-file [3]=--limit-seconds [4]=20
